<?xml version="1.0" encoding="UTF-8"?>
<robot generator="Robot 6.0 (Python 3.10.7 on darwin)" generated="20221030 22:06:59.711" rpa="false" schemaversion="3">
<suite id="s1" name="WorkoutClassAcceptanceTests" source="/Users/ruidu/Documents/McGill/F2022/ECSE 428/ECSE428-FitGarage/backend/tests/acceptance/WorkoutClassAcceptanceTests.robot">
<test id="s1-t1" name="Admin adds workout class" line="9">
<kw name="Create Session" library="RequestsLibrary">
<arg>Create_workout_class</arg>
<arg>${URL}</arg>
<doc>Create Session: create a HTTP session to a server</doc>
<msg timestamp="20221030 22:06:59.744" level="INFO">Creating Session using : alias=Create_workout_class, url=http://127.0.0.1:8000/, headers={},                     cookies={}, auth=None, timeout=None, proxies=None, verify=False,                     debug=0 </msg>
<status status="PASS" starttime="20221030 22:06:59.743" endtime="20221030 22:06:59.744"/>
</kw>
<kw name="Create Dictionary" library="BuiltIn">
<var>&amp;{data}</var>
<arg>name="Running Class"</arg>
<arg>instructor=Charlie Chaplin</arg>
<arg>description=Come run with Charlie!</arg>
<arg>start=2022-11-11</arg>
<arg>end=2023-08-08</arg>
<arg>enable=false</arg>
<doc>Creates and returns a dictionary based on the given ``items``.</doc>
<msg timestamp="20221030 22:06:59.744" level="INFO">&amp;{data} = { name="Running Class" | instructor=Charlie Chaplin | description=Come run with Charlie! | start=2022-11-11 | end=2023-08-08 | enable=false }</msg>
<status status="PASS" starttime="20221030 22:06:59.744" endtime="20221030 22:06:59.744"/>
</kw>
<kw name="POST On Session" library="RequestsLibrary">
<var>${response}</var>
<arg>Create_workout_class</arg>
<arg>workoutClass/createWorkoutClass</arg>
<arg>json=${data}</arg>
<doc>Sends a POST request on a previously created HTTP Session.</doc>
<msg timestamp="20221030 22:07:00.104" level="INFO">POST Request : url=http://127.0.0.1:8000/workoutClass/createWorkoutClass 
 path_url=/workoutClass/createWorkoutClass 
 headers={'User-Agent': 'python-requests/2.28.1', 'Accept-Encoding': 'gzip, deflate', 'Accept': '*/*', 'Connection': 'keep-alive', 'Content-Length': '166', 'Content-Type': 'application/json'} 
 body=b'{"name": "\\"Running Class\\"", "instructor": "Charlie Chaplin", "description": "Come run with Charlie!", "start": "2022-11-11", "end": "2023-08-08", "enable": "false"}' 
 </msg>
<msg timestamp="20221030 22:07:00.104" level="INFO">POST Response : url=http://127.0.0.1:8000/workoutClass/createWorkoutClass 
 status=201, reason=Created 
 headers={'Date': 'Mon, 31 Oct 2022 02:07:00 GMT', 'Server': 'WSGIServer/0.2 CPython/3.10.7', 'Content-Type': 'application/json', 'Vary': 'Accept, Origin, Cookie', 'Allow': 'POST, OPTIONS', 'X-Frame-Options': 'DENY', 'Content-Length': '173', 'X-Content-Type-Options': 'nosniff', 'Referrer-Policy': 'same-origin', 'Cross-Origin-Opener-Policy': 'same-origin'} 
 body={"id": 5, "name": "\"Running Class\"", "instructor": "Charlie Chaplin", "description": "Come run with Charlie!", "start": "2022-11-11", "end": "2023-08-08", "enable": false} 
 </msg>
<msg timestamp="20221030 22:07:00.104" level="INFO">${response} = &lt;Response [201]&gt;</msg>
<status status="PASS" starttime="20221030 22:06:59.744" endtime="20221030 22:07:00.104"/>
</kw>
<kw name="Log To Console" library="BuiltIn">
<arg>Created workout class with fields: ${response.json()}</arg>
<doc>Logs the given message to the console.</doc>
<status status="PASS" starttime="20221030 22:07:00.105" endtime="20221030 22:07:00.106"/>
</kw>
<doc>Create Workout Class</doc>
<status status="PASS" starttime="20221030 22:06:59.743" endtime="20221030 22:07:00.106"/>
</test>
<status status="PASS" starttime="20221030 22:06:59.712" endtime="20221030 22:07:00.107"/>
</suite>
<statistics>
<total>
<stat pass="1" fail="0" skip="0">All Tests</stat>
</total>
<tag>
</tag>
<suite>
<stat pass="1" fail="0" skip="0" id="s1" name="WorkoutClassAcceptanceTests">WorkoutClassAcceptanceTests</stat>
</suite>
</statistics>
<errors>
</errors>
</robot>
